[Media] 2012
[Media] 2011
[Media] 2013
[Media] 2015
[Media] 2011
[Media] 2009
[Media] 2010
[Media] 2012
[Media] 2005
[Media] 2003
[Media] 2002
[Media] 2005
[Media] 2004
[Media] 2005
[Media] 2002
[Media] 1989
[Media] 1994
[Media] 1995
[Media] 1995
[Media] 1982
[Media] 1988
[Media] 2000
[Media] 2001
[Media] 2000
[Media] 1997
[Media] 2008
[Media] 2001
[Media] 2001
[Media] 2000
[Media] 2000
[Media] 2000
[Media] 1997
[Media] 2008
[Media] 2005
[Media] 1993
[Media] 1993
[Media] 1985
[Media] 1986
[Media] 1984
[Media] 1987
[Media] 2000
[Media] 1998
[Media] 2009
[Media] 2012
[Media] 2013
[Media] 2013
[Media] 2009
[Media] 2010
[Media] 2009
[Media] 2009
[Media] 2009
[Media] 2000
[Media] 2004
(R) When Sharks Attack
(R) The Even Stevens Movie
(R) Rogue One: A Star Wars Story
(R) Forky Asks a Question: What is a Leader?
(R) Don's Fountain of Youth
[Media] 2020
[Media] 2019
[Media] 2018
[Media] 2015
[Media] 2014
[Media] 2010
(R) Shark Attack Files
(R) Jane
(R) The Book of Life
[Media] 2007
[Media] 2008
[Media] 2008
(R) Sacred Planet
(R) Camp Rock
(R) Mom's Got a Date With a Vampire
(R) Jungle Animal Rescue
=> s34 ## Underdog ## Movie ## Frederik Du Chau ## [Alex Neuberger, Amy Adams, Jason Lee, Jim Belushi, Patrick Warburton, Peter Dinklage] ## United States ## August 27, 2021 ## 2007 ## PG ## 85 min ## [Action-Adventure, Family, Parody] ##
=> s206 ## Dog With a Blog ## TV Show ## NaN ## [Beth Littleford, Blake Michael, Francesca Capaldi, G Hannelius, Regan Burns, Stephen Full] ## United States ## February 26, 2021 ## 2012 ## TV-G ## 3 Seasons ## [Comedy, Fantasy] ##
