[Média] 2012
[Média] 2011
[Média] 2013
[Média] 2015
[Média] 2011
[Média] 2009
[Média] 2011
[Média] 2011
[Média] 2002
[Média] 2004
[Média] 2003
[Média] 2002
[Média] 2002
[Média] 2010
[Média] 2001
[Média] 1989
[Média] 1990
[Média] 1990
[Média] 1990
[Média] 1986
[Média] 2000
[Média] 1997
[Média] 1997
[Média] 1997
[Média] 2008
[Média] 2009
[Média] 2000
[Média] 1997
[Média] 1996
[Média] 2000
[Média] 1998
[Média] 2005
[Média] 2008
[Média] 2004
[Média] 1988
[Média] 1993
[Média] 1983
[Média] 1979
[Média] 1983
[Média] 1996
[Média] 1996
[Média] 2008
[Média] 2011
[Média] 2012
[Média] 2014
[Média] 2012
[Média] 2010
[Média] 2010
[Média] 2007
[Média] 2007
[Média] 2009
[Média] 2000
[Média] 2002
(R) The Even Stevens Movie
(R) Rogue One: A Star Wars Story
(R) Forky Asks a Question: What is a Leader?
(R) Don's Fountain of Youth
(R) Expedition Everest
[Média] 2021
[Média] 2019
[Média] 2017
[Média] 2014
[Média] 2012
[Média] 2008
(R) Jane
(R) The Book of Life
(R) Sacred Planet
[Média] 2009
[Média] 2009
[Média] 2009
(R) Camp Rock
(R) Mom's Got a Date With a Vampire
(R) Jungle Animal Rescue
(R) Dog With a Blog
[i] => s34 ## Underdog ## Movie ## Frederik Du Chau ## [Alex Neuberger, Amy Adams, Jason Lee, Jim Belushi, Patrick Warburton, Peter Dinklage] ## United States ## August 27, 2021 ## 2007 ## PG ## 85 min ## [Action-Adventure, Family, Parody] ##
